<?xml version="1.0" encoding="UTF-8"?>
<testsuite name="ru.java_course.sandbox.TestDistance" tests="1" skipped="0" failures="0" errors="0" timestamp="2020-02-12T19:15:18" hostname="HOME" time="0.016">
  <properties/>
  <testcase name="testDistance" classname="ru.java_course.sandbox.TestDistance" time="0.016"/>
  <system-out><![CDATA[]]></system-out>
  <system-err><![CDATA[]]></system-err>
</testsuite>
